[    0.000000] Initializing cgroup subsys cpuset
[    0.000000] Initializing cgroup subsys cpu
[    0.000000] Initializing cgroup subsys cpuacct
[    0.000000] Linux version 4.4.0-165-generic (buildd@lgw01-amd64-027) (gcc version 5.4.0 20160609 (Ubuntu 5.4.0-6ubuntu1~16.04.10) ) #193-Ubuntu SMP Tue Sep 17 17:42:52 UTC 2019 (Ubuntu 4.4.0-165.193-generic 4.4.189)
[    0.000000] Command line: BOOT_IMAGE=/boot/vmlinuz-4.4.0-165-generic root=LABEL=cloudimg-rootfs ro console=tty1 console=ttyS0
[    0.000000] KERNEL supported cpus:
[    0.00000]   Intel GenuineIntel
[    0.000000]   AMD AuthenticAMD
[    0.000000]   Centaur CentaurHauls
[    0.000000] x86/fpu: xstate_offset[2]:  576, xstate_sizes[2]:  256
[    0.000000] x86/fpu: Supporting XSAVE feature 0x01: 'x87 floating point registers'
[    0.000000] x86/fpu: Supporting XSAVE feature 0x02: 'SSE registers'
[    0.000000] x86/fpu: Supporting XSAVE feature 0x04: 'AVX registers'
[    0.000000] x86/fpu: Enabled xstate features 0x7, context size is 832 bytes, using 'standard' format.
[    0.000000] e820: BIOS-provided physical RAM map:
[    0.000000] BIOS-e820: [mem 0x0000000000000000-0x000000000009fbff] usable
[    0.000000] BIOS-e820: [mem 0x000000000009fc00-0x000000000009ffff] reserved
[    0.000000] BIOS-e820: [mem 0x00000000000f0000-0x00000000000fffff] reserved
[    0.000000] BIOS-e820: [mem 0x0000000000100000-0x000000003ffeffff] usable
[    0.000000] BIOS-e820: [mem 0x000000003fff0000-0x000000003fffffff] ACPI data
[    0.000000] BIOS-e820: [mem 0x00000000fec00000-0x00000000fec00fff] reserved
[    0.000000] BIOS-e820: [mem 0x00000000fee00000-0x00000000fee00fff] reserved
[    0.000000] BIOS-e820: [mem 0x00000000fffc0000-0x00000000ffffffff] reserved
[    0.000000] NX (Execute Disable) protection: active
[    0.000000] SMBIOS 2.5 present.
[    0.000000] Hypervisor detected: KVM
[    0.000000] Kernel/User page tables isolation: disabled
[    0.000000] e820: last_pfn = 0x3fff0 max_arch_pfn = 0x400000000
[    0.000000] MTRR: Disabled
[    0.000000] x86/PAT: MTRRs disabled, skipping PAT initialization too.
[    0.000000] CPU MTRRs all blank - virtualized system.
[    0.000000] x86/PAT: Configuration [0-7]: WB  WT  UC- UC  WB  WT  UC- UC  
[    0.000000] found SMP MP-table at [mem 0x0009fff0-0x0009ffff] mapped at [ffff88000009fff0]
[    0.000000] Scanning 1 areas for low memory corruption
[    0.000000] RAMDISK: [mem 0x362fa000-0x37174fff]
[    0.000000] ACPI: Early table checksum verification disabled
[    0.000000] ACPI: RSDP 0x00000000000E0000 000024 (v02 VBOX  )
[    0.000000] ACPI: XSDT 0x000000003FFF0030 00003C (v01 VBOX   VBOXXSDT 00000001 ASL  00000061)
[    0.000000] ACPI: FACP 0x000000003FFF00F0 0000F4 (v04 VBOX   VBOXFACP 00000001 ASL  00000061)
[    0.000000] ACPI: DSDT 0x000000003FFF0470 0022EA (v02 VBOX   VBOXBIOS 00000002 INTL 20100528)
[    0.000000] ACPI: FACS 0x000000003FFF0200 000040
[    0.000000] ACPI: FACS 0x000000003FFF0200 000040
[    0.000000] ACPI: APIC 0x000000003FFF0240 00005C (v02 VBOX   VBOXAPIC 00000001 ASL  00000061)
[    0.000000] ACPI: SSDT 0x000000003FFF02A0 0001CC (v01 VBOX   VBOXCPUT 00000002 INTL 20100528)
[    0.000000] No NUMA configuration found
[    0.000000] Faking a node at [mem 0x0000000000000000-0x000000003ffeffff]
[    0.000000] NODE_DATA(0) allocated [mem 0x3ffeb000-0x3ffeffff]
[    0.000000] kvm-clock: Using msrs 4b564d01 and 4b564d00
[    0.000000] kvm-clock: cpu 0, msr 0:3ffe3001, primary cpu clock
[    0.000000] kvm-clock: using sched offset of 4061508029 cycles
[    0.000000] clocksource: kvm-clock: mask: 0xffffffffffffffff max_cycles: 0x1cd42e4dffb, max_idle_ns: 881590591483 ns
[    0.000000] Zone ranges:
[    0.000000]   DMA      [mem 0x0000000000001000-0x0000000000ffffff]
[    0.000000]   DMA32    [mem 0x0000000001000000-0x000000003ffeffff]
[    0.000000]   Normal   empty
[    0.000000]   Device   empty
[    0.000000] Movable zone start for each node
[    0.000000] Early memory node ranges
[    0.000000]   node   0: [mem 0x0000000000001000-0x000000000009efff]
[    0.000000]   node   0: [mem 0x0000000000100000-0x000000003ffeffff]
[    0.000000] Initmem setup node 0 [mem 0x0000000000001000-0x000000003ffeffff]
[    0.000000] ACPI: PM-Timer IO Port: 0x4008
[    0.000000] IOAPIC[0]: apic_id 2, version 32, address 0xfec00000, GSI 0-23
[    0.000000] ACPI: INT_SRC_OVR (bus 0 bus_irq 0 global_irq 2 dfl dfl)
[    0.000000] ACPI: INT_SRC_OVR (bus 0 bus_irq 9 global_irq 9 low level)
[    0.000000] Using ACPI (MADT) for SMP configuration information
[    0.000000] smpboot: Allowing 2 CPUs, 0 hotplug CPUs
[    0.000000] PM: Registered nosave memory: [mem 0x00000000-0x00000fff]
[    0.000000] PM: Registered nosave memory: [mem 0x0009f000-0x0009ffff]
[    0.000000] PM: Registered nosave memory: [mem 0x000a0000-0x000effff]
[    0.000000] PM: Registered nosave memory: [mem 0x000f0000-0x000fffff]
[    0.000000] e820: [mem 0x40000000-0xfebfffff] available for PCI devices
[    0.000000] Booting paravirtualized kernel on KVM
[    0.000000] clocksource: refined-jiffies: mask: 0xffffffff max_cycles: 0xffffffff, max_idle_ns: 7645519600211568 ns
[    0.000000] setup_percpu: NR_CPUS:512 nr_cpumask_bits:512 nr_cpu_ids:2 nr_node_ids:1
[    0.000000] PERCPU: Embedded 34 pages/cpu @ffff88003fc00000 s99544 r8192 d31528 u1048576
[    0.000000] Built 1 zonelists in Node order, mobility grouping on.  Total pages: 257912
[    0.000000] Policy zone: DMA32
[    0.000000] Kernel command line: BOOT_IMAGE=/boot/vmlinuz-4.4.0-165-generic root=LABEL=cloudimg-rootfs ro console=tty1 console=ttyS0
[    0.000000] PID hash table entries: 4096 (order: 3, 32768 bytes)
[    0.000000] Memory: 997732K/1048120K available (8621K kernel code, 1335K rwdata, 4032K rodata, 1484K init, 1284K bss, 50388K reserved, 0K cma-reserved)
[    0.000000] SLUB: HWalign=64, Order=0-3, MinObjects=0, CPUs=2, Nodes=1
[    0.000000] Hierarchical RCU implementation.
[    0.000000] 	Build-time adjustment of leaf fanout to 64.
[    0.000000] 	RCU restricting CPUs from NR_CPUS=512 to nr_cpu_ids=2.
[    0.000000] RCU: Adjusting geometry for rcu_fanout_leaf=64, nr_cpu_ids=2
[    0.000000] NR_IRQS:33024 nr_irqs:440 16
[    0.000000] Console: colour VGA+ 80x25
[    0.000000] console [tty1] enabled
[    0.000000] console [ttyS0] enabled
[    0.000000] tsc: Detected 1991.996 MHz processor
[    0.285160] Calibrating delay loop (skipped) preset value.. 3983.99 BogoMIPS (lpj=7967984)
[    0.286482] pid_max: default: 32768 minimum: 301
[    0.287257] ACPI: Core revision 20150930
[    0.288576] ACPI: 2 ACPI AML tables successfully acquired and loaded
[    0.289641] Security Framework initialized
[    0.290377] Yama: becoming mindful.
[    0.291463] AppArmor: AppArmor initialized
[    0.292355] Dentry cache hash table entries: 131072 (order: 8, 1048576 bytes)
[    0.293557] Inode-cache hash table entries: 65536 (order: 7, 524288 bytes)
[    0.295293] Mount-cache hash table entries: 2048 (order: 2, 16384 bytes)
[    0.296219] Mountpoint-cache hash table entries: 2048 (order: 2, 16384 bytes)
[    0.297368] Initializing cgroup subsys io
[    0.298033] Initializing cgroup subsys memory
[    0.298776] Initializing cgroup subsys devices
[    0.299500] Initializing cgroup subsys freezer
[    0.300243] Initializing cgroup subsys net_cls
[    0.300967] Initializing cgroup subsys perf_event
[    0.301686] Initializing cgroup subsys net_prio
[    0.302439] Initializing cgroup subsys hugetlb
[    0.303200] Initializing cgroup subsys pids
[    0.305771] mce: CPU supports 0 MCE banks
[    0.306547] Last level iTLB entries: 4KB 64, 2MB 8, 4MB 8
[    0.307414] Last level dTLB entries: 4KB 64, 2MB 0, 4MB 0, 1GB 4
[    0.308519] Spectre V1 : Mitigation: usercopy/swapgs barriers and __user pointer sanitization
[    0.310402] Spectre V2 : Mitigation: Enhanced IBRS
[    0.311367] Spectre V2 : Spectre v2 / SpectreRSB mitigation: Filling RSB on context switch
[    0.312937] Speculative Store Bypass: Vulnerable
[    0.318965] Freeing SMP alternatives memory: 36K
[    0.330624] ftrace: allocating 32318 entries in 127 pages
[    0.388180] smpboot: APIC(0) Converting physical 0 to logical package 0
[    0.389381] smpboot: Max logical packages: 1
[    0.390442] x2apic enabled
[    0.391272] Switched APIC routing to physical x2apic.
[    0.393321] ..TIMER: vector=0x30 apic1=0 pin1=2 apic2=-1 pin2=-1
[    0.501162] smpboot: CPU0: Intel(R) Core(TM) i7-8565U CPU @ 1.80GHz (family: 0x6, model: 0x8e, stepping: 0xc)
[    0.506083] Performance Events: unsupported p6 CPU model 142 no PMU driver, software events only.
[    0.526826] KVM setup paravirtual spinlock
[    0.530287] x86: Booting SMP configuration:
[    0.532679] .... node  #0, CPUs:      #1
[    0.535181] kvm-clock: cpu 1, msr 0:3ffe3041, secondary cpu clock
[    0.539213] mce: CPU supports 0 MCE banks
[    0.542487] x86: Booted up 1 node, 2 CPUs
[    0.545163] smpboot: Total of 2 processors activated (7967.98 BogoMIPS)
[    0.549228] devtmpfs: initialized
[    0.556161] evm: security.selinux
[    0.558093] evm: security.SMACK64
[    0.559763] evm: security.SMACK64EXEC
[    0.561481] evm: security.SMACK64TRANSMUTE
[    0.563075] evm: security.SMACK64MMAP
[    0.564901] evm: security.ima
[    0.566747] evm: security.capability
[    0.569026] clocksource: jiffies: mask: 0xffffffff max_cycles: 0xffffffff, max_idle_ns: 7645041785100000 ns
[    0.573699] futex hash table entries: 512 (order: 3, 32768 bytes)
[    0.576846] pinctrl core: initialized pinctrl subsystem
[    0.579661] RTC time:  5:07:12, date: 10/09/19
[    0.583516] NET: Registered protocol family 16
[    0.598045] cpuidle: using governor ladder
[    0.609487] cpuidle: using governor menu
[    0.611552] PCCT header not found.
[    0.613710] ACPI: bus type PCI registered
[    0.615792] acpiphp: ACPI Hot Plug PCI Controller Driver version: 0.5
[    0.618986] PCI: Using configuration type 1 for base access
[    0.636679] ACPI: Added _OSI(Module Device)
[    0.639110] ACPI: Added _OSI(Processor Device)
[    0.641314] ACPI: Added _OSI(3.0 _SCP Extensions)
[    0.643628] ACPI: Added _OSI(Processor Aggregator Device)
[    0.647607] ACPI: Executed 1 blocks of module-level executable AML code
[    0.654816] ACPI: Interpreter enabled
[    0.656708] ACPI: (supports S0 S5)
[    0.658657] ACPI: Using IOAPIC for interrupt routing
[    0.661548] PCI: Using host bridge windows from ACPI; if necessary, use "pci=nocrs" and report a bug
[    0.672995] ACPI: PCI Root Bridge [PCI0] (domain 0000 [bus 00-ff])
[    0.676042] acpi PNP0A03:00: _OSC: OS supports [ASPM ClockPM Segments MSI]
[    0.679867] acpi PNP0A03:00: _OSC: not requesting OS control; OS requires [ExtendedConfig ASPM ClockPM MSI]
[    0.684065] acpi PNP0A03:00: fail to add MMCONFIG information, can't access extended PCI configuration space under this bridge.
[    0.686262] PCI host bridge to bus 0000:00
[    0.687021] pci_bus 0000:00: root bus resource [io  0x0000-0x0cf7 window]
[    0.687986] pci_bus 0000:00: root bus resource [io  0x0d00-0xffff window]
[    0.688960] pci_bus 0000:00: root bus resource [mem 0x000a0000-0x000bffff window]
[    0.690192] pci_bus 0000:00: root bus resource [mem 0x40000000-0xfdffffff window]
[    0.691411] pci_bus 0000:00: root bus resource [bus 00-ff]
[    0.695166] pci 0000:00:01.1: legacy IDE quirk: reg 0x10: [io  0x01f0-0x01f7]
[    0.698245] pci 0000:00:01.1: legacy IDE quirk: reg 0x14: [io  0x03f6]
[    0.701555] pci 0000:00:01.1: legacy IDE quirk: reg 0x18: [io  0x0170-0x0177]
[    0.704897] pci 0000:00:01.1: legacy IDE quirk: reg 0x1c: [io  0x0376]
[    0.731890] pci 0000:00:07.0: quirk: [io  0x4000-0x403f] claimed by PIIX4 ACPI
[    0.758056] pci 0000:00:07.0: quirk: [io  0x4100-0x410f] claimed by PIIX4 SMB
[    0.769030] ACPI: PCI Interrupt Link [LNKA] (IRQs 5 9 10 *11)
[    0.773124] ACPI: PCI Interrupt Link [LNKB] (IRQs 5 9 *10 11)
[    0.777087] ACPI: PCI Interrupt Link [LNKC] (IRQs 5 *9 10 11)
[    0.780956] ACPI: PCI Interrupt Link [LNKD] (IRQs 5 9 10 *11)
[    0.784753] ACPI: Enabled 2 GPEs in block 00 to 07
[    0.787770] vgaarb: setting as boot device: PCI:0000:00:02.0
[    0.790356] vgaarb: device added: PCI:0000:00:02.0,decodes=io+mem,owns=io+mem,locks=none
[    0.794592] vgaarb: loaded
[    0.796104] vgaarb: bridge control possible 0000:00:02.0
[    0.799267] SCSI subsystem initialized
[    0.801568] ACPI: bus type USB registered
[    0.803733] usbcore: registered new interface driver usbfs
[    0.806380] usbcore: registered new interface driver hub
[    0.808879] usbcore: registered new device driver usb
[    0.811782] PCI: Using ACPI for IRQ routing
[    0.814546] NetLabel: Initializing
[    0.816363] NetLabel:  domain hash size = 128
[    0.818583] NetLabel:  protocols = UNLABELED CIPSOv4
[    0.820934] NetLabel:  unlabeled traffic allowed by default
[    0.823964] amd_nb: Cannot enumerate AMD northbridges
[    0.826507] clocksource: Switched to clocksource kvm-clock
[    0.840943] AppArmor: AppArmor Filesystem Enabled
[    0.843818] pnp: PnP ACPI init
[    0.846930] pnp: PnP ACPI: found 3 devices
[    0.865238] clocksource: acpi_pm: mask: 0xffffff max_cycles: 0xffffff, max_idle_ns: 2085701024 ns
[    0.869278] NET: Registered protocol family 2
[    0.871514] TCP established hash table entries: 8192 (order: 4, 65536 bytes)
[    0.874553] TCP bind hash table entries: 8192 (order: 5, 131072 bytes)
[    0.877506] TCP: Hash tables configured (established 8192 bind 8192)
[    0.880195] UDP hash table entries: 512 (order: 2, 16384 bytes)
[    0.882646] UDP-Lite hash table entries: 512 (order: 2, 16384 bytes)
[    0.885436] NET: Registered protocol family 1
[    0.887517] pci 0000:00:00.0: Limiting direct PCI/PCI transfers
[    0.890201] pci 0000:00:01.0: Activating ISA DMA hang workarounds
[    0.894376] Unpacking initramfs...
[    1.359437] Freeing initrd memory: 14828K
[    1.361804] clocksource: tsc: mask: 0xffffffffffffffff max_cycles: 0x396d4a59358, max_idle_ns: 881590518684 ns
[    1.366935] platform rtc_cmos: registered platform RTC device (no PNP device found)
[    1.370962] Scanning for low memory corruption every 60 seconds
[    1.374759] audit: initializing netlink subsys (disabled)
[    1.377597] audit: type=2000 audit(1570597638.829:1): initialized
[    1.381293] Initialise system trusted keyring
[    1.384142] HugeTLB registered 2 MB page size, pre-allocated 0 pages
[    1.389707] zbud: loaded
[    1.392004] VFS: Disk quotas dquot_6.6.0
[    1.394218] VFS: Dquot-cache hash table entries: 512 (order 0, 4096 bytes)
[    1.397910] squashfs: version 4.0 (2009/01/31) Phillip Lougher
[    1.401521] fuse init (API version 7.23)
[    1.403877] Key type big_key registered
[    1.405945] Allocating IMA MOK and blacklist keyrings.
[    1.413311] Key type asymmetric registered
[    1.414597] Asymmetric key parser 'x509' registered
[    1.416310] Block layer SCSI generic (bsg) driver version 0.4 loaded (major 249)
[    1.419269] io scheduler noop registered
[    1.420340] io scheduler deadline registered (default)
[    1.421423] io scheduler cfq registered
[    1.422329] pci_hotplug: PCI Hot Plug PCI Core version: 0.5
[    1.423810] pciehp: PCI Express Hot Plug Controller Driver version: 0.4
[    1.425315] ACPI: AC Adapter [AC] (off-line)
[    1.426260] input: Power Button as /devices/LNXSYSTM:00/LNXPWRBN:00/input/input0
[    1.427847] ACPI: Power Button [PWRF]
[    1.428818] input: Sleep Button as /devices/LNXSYSTM:00/LNXSLPBN:00/input/input1
[    1.430358] ACPI: Sleep Button [SLPF]
[    1.432241] ACPI: Battery Slot [BAT0] (battery present)
[    1.433460] GHES: HEST is not enabled!
[    1.434522] Serial: 8250/16550 driver, 32 ports, IRQ sharing enabled
[    1.457707] 00:02: ttyS0 at I/O 0x3f8 (irq = 4, base_baud = 115200) is a 16550A
[    1.460489] Linux agpgart interface v0.103
[    1.462410] loop: module loaded
[    1.463557] scsi host0: ata_piix
[    1.464347] scsi host1: ata_piix
[    1.465033] ata1: PATA max UDMA/33 cmd 0x1f0 ctl 0x3f6 bmdma 0xd000 irq 14
[    1.466146] ata2: PATA max UDMA/33 cmd 0x170 ctl 0x376 bmdma 0xd008 irq 15
[    1.467270] libphy: Fixed MDIO Bus: probed
[    1.468178] tun: Universal TUN/TAP device driver, 1.6
[    1.469397] tun: (C) 1999-2004 Max Krasnyansky <maxk@qualcomm.com>
[    1.470968] PPP generic driver version 2.4.2
[    1.472091] ehci_hcd: USB 2.0 'Enhanced' Host Controller (EHCI) Driver
[    1.473538] ehci-pci: EHCI PCI platform driver
[    1.474485] ehci-platform: EHCI generic platform driver
[    1.475492] ohci_hcd: USB 1.1 'Open' Host Controller (OHCI) Driver
[    1.476813] ohci-pci: OHCI PCI platform driver
[    1.478171] ohci-platform: OHCI generic platform driver
[    1.479676] uhci_hcd: USB Universal Host Controller Interface driver
[    1.480990] i8042: PNP: PS/2 Controller [PNP0303:PS2K,PNP0f03:PS2M] at 0x60,0x64 irq 1,12
[    1.483185] serio: i8042 KBD port at 0x60,0x64 irq 1
[    1.484383] serio: i8042 AUX port at 0x60,0x64 irq 12
[    1.485506] mousedev: PS/2 mouse device common for all mice
[    1.487600] rtc_cmos rtc_cmos: rtc core: registered rtc_cmos as rtc0
[    1.488712] rtc_cmos rtc_cmos: alarms up to one day, 114 bytes nvram
[    1.489640] input: AT Translated Set 2 keyboard as /devices/platform/i8042/serio0/input/input2
[    1.491032] i2c /dev entries driver
[    1.491829] device-mapper: uevent: version 1.0.3
[    1.492645] device-mapper: ioctl: 4.34.0-ioctl (2015-10-28) initialised: dm-devel@redhat.com
[    1.494033] ledtrig-cpu: registered to indicate activity on CPUs
[    1.495633] NET: Registered protocol family 10
[    1.496552] NET: Registered protocol family 17
[    1.497276] Key type dns_resolver registered
[    1.498132] registered taskstats version 1
[    1.498895] Loading compiled-in X.509 certificates
[    1.500111] Loaded X.509 cert 'Build time autogenerated kernel key: 0ed82eac04367aa6426493b1389455ebf6830eaa'
[    1.502188] zswap: loaded using pool lzo/zbud
[    1.504280] Key type trusted registered
[    1.507832] Key type encrypted registered
[    1.508706] AppArmor: AppArmor sha1 policy hashing enabled
[    1.509856] ima: No TPM chip found, activating TPM-bypass!
[    1.510920] ima: Allocated hash algorithm: sha1
[    1.511736] evm: HMAC attrs: 0x1
[    1.512783]   Magic number: 7:293:112
[    1.513684] rtc_cmos rtc_cmos: setting system clock to 2019-10-09 05:07:13 UTC (1570597633)
[    1.515672] BIOS EDD facility v0.16 2004-Jun-25, 0 devices found
[    1.516942] EDD information not available.
[    1.629608] Freeing unused kernel memory: 1484K
[    1.632054] Write protecting the kernel read-only data: 14336k
[    1.636248] Freeing unused kernel memory: 1608K
[    1.639394] Freeing unused kernel memory: 64K
Loading, please wait...
starting version 229
[    1.667014] random: systemd-udevd: uninitialized urandom read (16 bytes read, 3 bits of entropy available)
[    1.668011] random: udevadm: uninitialized urandom read (16 bytes read, 3 bits of entropy available)
[    1.668043] random: udevadm: uninitialized urandom read (16 bytes read, 3 bits of entropy available)
[    1.680534] random: udevadm: uninitialized urandom read (16 bytes read, 3 bits of entropy available)
[    1.680619] random: udevadm: uninitialized urandom read (16 bytes read, 3 bits of entropy available)
[    1.680813] random: udevadm: uninitialized urandom read (16 bytes read, 3 bits of entropy available)
[    1.680883] random: udevadm: uninitialized urandom read (16 bytes read, 3 bits of entropy available)
[    1.680952] random: udevadm: uninitialized urandom read (16 bytes read, 3 bits of entropy available)
[    1.681025] random: udevadm: uninitialized urandom read (16 bytes read, 3 bits of entropy available)
[    1.681092] random: udevadm: uninitialized urandom read (16 bytes read, 3 bits of entropy available)
[    1.755912] Fusion MPT base driver 3.04.20
[    1.758136] Copyright (c) 1999-2008 LSI Corporation
[    1.761654] e1000: Intel(R) PRO/1000 Network Driver - version 7.3.21-k8-NAPI
[    1.764787] e1000: Copyright (c) 1999-2006 Intel Corporation.
[    1.783788] Fusion MPT SPI Host driver 3.04.20
[    1.802654] AVX2 version of gcm_enc/dec engaged.
[    1.804953] AES CTR mode by8 optimization enabled
[    2.007355] input: ImExPS/2 Generic Explorer Mouse as /devices/platform/i8042/serio1/input/input4
[    2.409283] e1000 0000:00:03.0 eth0: (PCI:33MHz:32-bit) 02:0e:9b:2d:5b:92
[    2.413329] e1000 0000:00:03.0 eth0: Intel(R) PRO/1000 Network Connection
[    2.419087] mptbase: ioc0: Initiating bringup
[    2.419475] e1000 0000:00:03.0 enp0s3: renamed from eth0
[    2.490875] ioc0: LSI53C1030 A0: Capabilities={Initiator}
[    2.658753] scsi host2: ioc0: LSI53C1030 A0, FwRev=00000000h, Ports=1, MaxQ=256, IRQ=20
[    2.776238] scsi 2:0:0:0: Direct-Access     VBOX     HARDDISK         1.0  PQ: 0 ANSI: 5
[    2.782979] scsi target2:0:0: Beginning Domain Validation
[    2.792542] scsi target2:0:0: Domain Validation skipping write tests
[    2.796516] scsi target2:0:0: Ending Domain Validation
[    2.800566] scsi target2:0:0: asynchronous
[    2.805978] scsi 2:0:1:0: Direct-Access     VBOX     HARDDISK         1.0  PQ: 0 ANSI: 5
[    2.811735] scsi target2:0:1: Beginning Domain Validation
[    2.818282] scsi target2:0:1: Domain Validation skipping write tests
[    2.821124] scsi target2:0:1: Ending Domain Validation
[    2.823742] scsi target2:0:1: asynchronous
[    2.843769] sd 2:0:0:0: Attached scsi generic sg0 type 0
[    2.868038] sd 2:0:0:0: [sda] 20971520 512-byte logical blocks: (10.7 GB/10.0 GiB)
[    2.872184] sd 2:0:0:0: [sda] Write Protect is off
[    2.874787] sd 2:0:1:0: [sdb] 20480 512-byte logical blocks: (10.5 MB/10.0 MiB)
[    2.878318] sd 2:0:0:0: [sda] Incomplete mode parameter data
[    2.881154] sd 2:0:0:0: [sda] Assuming drive cache: write through
[    2.884042] sd 2:0:1:0: Attached scsi generic sg1 type 0
[    2.886524] sd 2:0:1:0: [sdb] Write Protect is off
[    2.889026] sd 2:0:1:0: [sdb] Incomplete mode parameter data
[    2.891639] sd 2:0:1:0: [sdb] Assuming drive cache: write through
[    2.942213]  sda: sda1
[    2.946100] sd 2:0:0:0: [sda] Attached SCSI disk
[    2.949554] sd 2:0:1:0: [sdb] Attached SCSI disk
Begin: Loading essential drivers ... [    4.645225] md: linear personality registered for level -1
[    4.647918] md: multipath personality registered for level -4
[    4.650815] md: raid0 personality registered for level 0
[    4.654395] md: raid1 personality registered for level 1
[    4.726927] raid6: sse2x1   gen()  6527 MB/s
[    4.794533] raid6: sse2x1   xor()  3359 MB/s
[    4.862693] raid6: sse2x2   gen()  6324 MB/s
[    4.930536] raid6: sse2x2   xor()  4202 MB/s
[    4.998655] raid6: sse2x4   gen()  6845 MB/s
[    5.066547] raid6: sse2x4   xor()  4317 MB/s
[    5.134551] raid6: avx2x1   gen()  8976 MB/s
[    5.202662] raid6: avx2x2   gen() 11635 MB/s
[    5.270655] raid6: avx2x4   gen() 13918 MB/s
[    5.272808] raid6: using algorithm avx2x4 gen() 13918 MB/s
[    5.275169] raid6: using avx2x2 recovery algorithm
[    5.280060] xor: automatically using best checksumming function:
[    5.319307]    avx       : 12316.000 MB/sec
[    5.323541] async_tx: api initialized (async)
[    5.344436] md: raid6 personality registered for level 6
[    5.346871] md: raid5 personality registered for level 5
[    5.349166] md: raid4 personality registered for level 4
[    5.362433] md: raid10 personality registered for level 10
done.
Begin: Running /scripts/init-premount ... done.
Begin: Mounting root file system ... Begin: Running /scripts/local-top ... done.
Begin: Running /scripts/local-premount ... [    5.417747] Btrfs loaded
Scanning for Btrfs filesystems
done.
Warning: fsck not present, so skipping root file system
[    5.479429] EXT4-fs (sda1): mounted filesystem with ordered data mode. Opts: (null)
done.
Begin: Running /scripts/local-bottom ... done.
Begin: Running /scripts/init-bottom ... done.
[    5.655071] systemd[1]: systemd 229 running in system mode. (+PAM +AUDIT +SELINUX +IMA +APPARMOR +SMACK +SYSVINIT +UTMP +LIBCRYPTSETUP +GCRYPT +GNUTLS +ACL +XZ -LZ4 +SECCOMP +BLKID +ELFUTILS +KMOD -IDN)
[    5.663454] systemd[1]: Detected virtualization oracle.
[    5.666045] systemd[1]: Detected architecture x86-64.

Welcome to [1mUbuntu 16.04.6 LTS[0m!

[    5.673012] systemd[1]: Set hostname to <ubuntu>.
[    5.678824] systemd[1]: Initializing machine ID from random generator.
[    5.681878] systemd[1]: Installed transient /etc/machine-id file.
[    5.799495] systemd[1]: Created slice User and Session Slice.
[[0;32m  OK  [0m] Created slice User and Session Slice.
[    5.807749] systemd[1]: Listening on Journal Socket (/dev/log).
[[0;32m  OK  [0m] Listening on Journal Socket (/dev/log).
[    5.819698] systemd[1]: Listening on Device-mapper event daemon FIFOs.
[[0;32m  OK  [0m] Listening on Device-mapper event daemon FIFOs.
[    5.824172] systemd[1]: Reached target User and Group Name Lookups.
[[0;32m  OK  [0m] Reached target User and Group Name Lookups.
[    5.828279] systemd[1]: Listening on Journal Socket.
[[0;32m  OK  [0m] Listening on Journal Socket.
[    5.839003] systemd[1]: Listening on Journal Audit Socket.
[[0;32m  OK  [0m] Listening on Journal Audit Socket.
[    5.842996] systemd[1]: Reached target Encrypted Volumes.
[[0;32m  OK  [0m] Reached target Encrypted Volumes.
[    5.847183] systemd[1]: Listening on /dev/initctl Compatibility Named Pipe.
[[0;32m  OK  [0m] Listening on /dev/initctl Compatibility Named Pipe.
[    5.851533] systemd[1]: Listening on udev Control Socket.
[[0;32m  OK  [0m] Listening on udev Control Socket.
[    5.855285] systemd[1]: Reached target System Time Synchronized.
[[0;32m  OK  [0m] Reached target System Time Synchronized.
[    5.867408] systemd[1]: Listening on udev Kernel Socket.
[[0;32m  OK  [0m] Listening on udev Kernel Socket.
[    5.871231] systemd[1]: Reached target Swap.
[[0;32m  OK  [0m] Reached target Swap.
[    5.874930] systemd[1]: Created slice System Slice.
[[0;32m  OK  [0m] Created slice System Slice.
[    5.894792] systemd[1]: Starting Remount Root and Kernel File Systems...
         Starting Remount Root and Kernel File Systems...
[    5.901043] EXT4-fs (sda1): re-mounted. Opts: (null)
[    5.908443] systemd[1]: Mounting POSIX Message Queue File System...
         Mounting POSIX Message Queue File System...
[    5.923625] systemd[1]: Starting Load Kernel Modules...
         Starting Load Kernel Modules...
[    5.934920] systemd[1]: Reached target Slices.
[    5.937446] Loading iSCSI transport class v2.0-870.
[[0;32m  OK  [0m] Reached target Slices.
[    5.941152] systemd[1]: Created slice system-serial\x2dgetty.slice.
[[0;32m  OK  [0m] Created slice system-serial\x2dgetty.slice.
[    5.949447] iscsi: registered transport (tcp)
[    5.967666] systemd[1]: Starting Create list of required static device nodes for the current kernel...
         Starting Create list of required st... nodes for the current kernel...
[    5.976305] systemd[1]: Starting Set console keymap...
         Starting Set console keymap...
[    5.981691] systemd[1]: Mounting Debug File System...
         Mounting Debug File System...
[    5.989487] systemd[1]: Starting Nameserver information manager...
         Starting Nameserver information manager...
[    5.995436] systemd[1]: Mounting Huge Pages File System...
         Mounting Huge Pages File System...
[    5.998322] systemd[1]: Started Trigger resolvconf update for networkd DNS.
[[0;32m  OK  [0m] Started Trigger resolvconf update for networkd DNS.
[    6.000819] systemd[1]: Listening on Syslog Socket.
[[0;32m  OK  [0m] Listening on Syslog Socket.
[    6.002778] systemd[1]: Starting Journal Service...
         Starting Journal Service...
[    6.004784] systemd[1]: Starting Uncomplicated firewall...
         Starting Uncomplicated firewall...
[    6.006677] systemd[1]: Listening on LVM2 metadata daemon socket.
[[0;32m  OK  [0m] Listening on LVM2 metadata daemon socket.
[    6.011760] systemd[1]: Starting Monitoring of LVM2 mirrors, snapshots etc. using dmeventd or progress polling...
         Starting Monitoring of LVM2 mirrors... dmeventd or progress polling...
[    6.015020] systemd[1]: Listening on LVM2 poll daemon socket.
[[0;32m  OK  [0m] Listening on LVM2 poll daemon socket.
[    6.017492] systemd[1]: Set up automount Arbitrary Executable File Formats File System Automount Point.
[[0;32m  OK  [0m] Set up automount Arbitrary Executab...ats File System Automount Point.
[    6.021783] systemd[1]: Started Forward Password Requests to Wall Directory Watch.
[    6.024208] iscsi: registered transport (iser)
[[0;32m  OK  [0m] Started Forward Password Requests to Wall Directory Watch.
[    6.027450] systemd[1]: Mounted POSIX Message Queue File System.
[[0;32m  OK  [0m] Mounted POSIX Message Queue File System.
[    6.035091] systemd[1]: Mounted Debug File System.
[[0;32m  OK  [0m] Mounted Debug File System.
[    6.037222] systemd[1]: Mounted Huge Pages File System.
[[0;32m  OK  [0m] Mounted Huge Pages File System.
[    6.047219] systemd[1]: Started Journal Service.
[[0;32m  OK  [0m] Started Journal Service.
[[0;32m  OK  [0m] Started Remount Root and Kernel File Systems.
[[0;32m  OK  [0m] Started Load Kernel Modules.
[[0;32m  OK  [0m] Started Create list of required sta...ce nodes for the current kernel.
[[0;32m  OK  [0m] Started Set console keymap.
[[0;32m  OK  [0m] Started Uncomplicated firewall.
[[0;32m  OK  [0m] Started Nameserver information manager.
[[0;32m  OK  [0m] Started LVM2 metadata daemon.
         Starting Create Static Device Nodes in /dev...
         Starting Apply Kernel Variables...
         Mounting FUSE Control File System...
         Starting udev Coldplug all Devices...
         Starting Load/Save Random Seed...
         Starting Flush Journal to Persistent Storage...
[[0;32m  OK  [0m] Mounted FUSE Control File System.
[[0;32m  OK  [0m] Started Create Static Device Nodes in /dev.
[[0;32m  OK  [0m] Started Apply Kernel Variables.
[[0;32m  OK  [0m] Started Load/Save Random Seed.
         Starting udev Kernel Device Manager...
[[0;32m  OK  [0m] Started Monitoring of LVM2 mirrors,...ng dmeventd or progress polling.
[[0;32m  OK  [0m] Started Flush Journal to Persistent Storage.
[[0;32m  OK  [0m] Started udev Coldplug all Devices.
[[0;32m  OK  [0m] Reached target Local File Systems (Pre).
[[0;32m  OK  [0m] Reached target Local File Systems.
         Starting Initial cloud-init job (pre-networking)...
         Starting Commit a transient machine-id on disk...
         Starting LSB: AppArmor initialization...
         Starting Tell Plymouth To Write Out Runtime Data...
         Starting Set console font and keymap...
         Starting Create Volatile Files and Directories...
[[0;32m  OK  [0m] Started Tell Plymouth To Write Out Runtime Data.
[[0;32m  OK  [0m] Started Create Volatile Files and Directories.
[[0;32m  OK  [0m] Started Commit a transient machine-id on disk.
[[0;32m  OK  [0m] Started udev Kernel Device Manager.
[[0;32m  OK  [0m] Started Dispatch Password Requests to Console Directory Watch.
         Starting Update UTMP about System Boot/Shutdown...
[[0;32m  OK  [0m] Started Update UTMP about System Boot/Shutdown.
[[0;32m  OK  [0m] Found device /dev/ttyS0.
[[0;32m  OK  [0m] Listening on Load/Save RF Kill Switch Status /dev/rfkill Watch.
[    7.904680] cloud-init[465]: Cloud-init v. 19.2-36-g059d049c-0ubuntu1~16.04.1 running 'init-local' at Wed, 09 Oct 2019 05:07:19 +0000. Up 7.18 seconds.
[[0;32m  OK  [0m] Started LSB: AppArmor initialization.
[[0;32m  OK  [0m] Started Initial cloud-init job (pre-networking).
[[0;32m  OK  [0m] Reached target Network (Pre).
         Starting Raise network interfaces...
[[0;32m  OK  [0m] Started Set console font and keymap.
[[0;32m  OK  [0m] Created slice system-getty.slice.
[[0;32m  OK  [0m] Started Raise network interfaces.
         Starting Initial cloud-init job (metadata service crawler)...
[[0;32m  OK  [0m] Reached target Network.
[   10.218005] cloud-init[947]: Cloud-init v. 19.2-36-g059d049c-0ubuntu1~16.04.1 running 'init' at Wed, 09 Oct 2019 05:07:21 +0000. Up 9.40 seconds.
[   10.220800] cloud-init[947]: ci-info: +++++++++++++++++++++++++++++++++++++Net device info++++++++++++++++++++++++++++++++++++++
[   10.223357] cloud-init[947]: ci-info: +--------+------+---------------------------+---------------+--------+-------------------+
[   10.232568] cloud-init[947]: ci-info: | Device |  Up  |          Address          |      Mask     | Scope  |     Hw-Address    |
[   10.235309] cloud-init[947]: ci-info: +--------+------+---------------------------+---------------+--------+-------------------+
[   10.238018] cloud-init[947]: ci-info: | enp0s3 | True |         10.0.2.15         | 255.255.255.0 | global | 02:0e:9b:2d:5b:92 |
[   10.240200] cloud-init[947]: ci-info: | enp0s3 | True | fe80::e:9bff:fe2d:5b92/64 |       .       |  link  | 02:0e:9b:2d:5b:92 |
[   10.242537] cloud-init[947]: ci-info: |   lo   | True |         127.0.0.1         |   255.0.0.0   |  host  |         .         |
[   10.244791] cloud-init[947]: ci-info: |   lo   | True |          ::1/128          |       .       |  host  |         .         |
[   10.246973] cloud-init[947]: ci-info: +--------+------+---------------------------+---------------+--------+-------------------+
[   10.249230] cloud-init[947]: ci-info: +++++++++++++++++++++++++++Route IPv4 info++++++++++++++++++++++++++++
[   10.256496] cloud-init[947]: ci-info: +-------+-------------+----------+---------------+-----------+-------+
[   10.264496] cloud-init[947]: ci-info: | Route | Destination | Gateway  |    Genmask    | Interface | Flags |
[   10.272456] cloud-init[947]: ci-info: +-------+-------------+----------+---------------+-----------+-------+
[   10.274504] cloud-init[947]: ci-info: |   0   |   0.0.0.0   | 10.0.2.2 |    0.0.0.0    |   enp0s3  |   UG  |
[   10.276459] cloud-init[947]: ci-info: |   1   |   10.0.2.0  | 0.0.0.0  | 255.255.255.0 |   enp0s3  |   U   |
[   10.284741] cloud-init[947]: ci-info: +-------+-------------+----------+---------------+-----------+-------+
[   10.286772] cloud-init[947]: ci-info: +++++++++++++++++++Route IPv6 info+++++++++++++++++++
[   10.288338] cloud-init[947]: ci-info: +-------+-------------+---------+-----------+-------+
[   10.290148] cloud-init[947]: ci-info: | Route | Destination | Gateway | Interface | Flags |
[   10.296505] cloud-init[947]: ci-info: +-------+-------------+---------+-----------+-------+
[   10.304532] cloud-init[947]: ci-info: |   0   |  fe80::/64  |    ::   |   enp0s3  |   U   |
[   10.306461] cloud-init[947]: ci-info: |   3   |   ff00::/8  |    ::   |   enp0s3  |   U   |
[   10.308414] cloud-init[947]: ci-info: +-------+-------------+---------+-----------+-------+
[   10.310112] cloud-init[947]: Generating public/private rsa key pair.
[   10.312870] [[0;32m  OK  [0m] Started Initial cloud-init job (metadata service crawler).
cloud-init[947]: Your identification has been saved in /etc/ssh/ssh_host_rsa_key.
[   10.320359] [[0;32m  OK  [0m] Reached target Cloud-config availability.
[[0;32m  OK  [0m] Reached target Network is Online.
cloud-init[947]: Your public key has been saved in /etc/ssh/ssh_host_rsa_key.pub.
[   10.323059] cloud-init[947]: The key fingerprint is:
[   10.324046] cloud-init[947]: SHA256:Eez8av82nCu6EUjy87aX+SQCBvLrbOib1L7XIZfxTjw root@ubuntu-xenial
[   10.325355] cloud-init[947]: The key's randomart image is:
[   10.326409] cloud-init[947]: +---[RSA 2048]----+
[   10.333529] cloud-init[947]: |       ..        |
[   10.344589]          Starting iSCSI initiator daemon (iscsid)...
[[0;32m  OK  [0m] Reached target System Initialization.
[[0;32m  OK  [0m] Listening on UUID daemon activation socket.
cloud-init[947]: |        ..       |
[   10.347851] cloud-init[947]: |  . o .o.        |
[   10.356480] cloud-init[947]: |   o = .+.       |
[   10.365540] cloud-init[947]: |    . * S*       |
[   10.373069] cloud-init[947]: |   . o.++.E      |
[   10.374157] cloud-init[947]: |  ..o  +==.=..   |
[   10.380463] cloud-init[947]: | ..=. ..++*o=    |
[   10.389976] cloud-init[947]: | .+o=o .+=.=+o   |
[   10.390377] cloud-init[947]: +----[SHA256]-----+
[   10.391076] cloud-init[947]: Generating public/private dsa key pair.
         Starting LXD - unix socket.
         Starting Socket activation for snappy daemon.
[[0;32m  OK  [0m] Started Daily Cleanup of Temporary Directories.
[[0;32m  OK  [0m] Started Daily apt download activities.
[[0;32m  OK  [0m] Started Daily apt upgrade and clean activities.
[[0;32m  OK  [0m] Reached target Timers.
[[0;32m  OK  [0m] Started ACPI Events Check.
[[0;32m  OK  [0m] Reached target Paths.
[[0;32m  OK  [0m] Listening on D-Bus System Message Bus Socket.
[[0;32m  OK  [0m] Listening on ACPID Listen Socket.
[[0;32m  OK  [0m] Listening on LXD - unix socket.
[[0;32m  OK  [0m] Listening on Socket activation for snappy daemon.
[   10.391754] cloud-init[947]: Your identification has been saved in /etc/ssh/ssh_host_dsa_key.[[0;32m  OK  [0m] Reached target Sockets.
[[0;32m  OK  [0m] Reached target Basic System.

[   10.408487] cloud-init[947]: Your public key has been saved in /etc/ssh/ssh_host_dsa_key.pub.
[   10.410202] cloud-init[947]: The key fingerprint is:
[   10.411595] cloud-init[947]: SHA256:q3cMrpWYlsO2acu9Dg3Tcyy7T67rB6UceB8PRJnDry8 root@ubuntu-xenial
[   10.413293] cloud-init[947]: The key's randomart image is:
[   10.414386] cloud-init[947]: +---[DSA 1024]----+
[   10.415483] cloud-init[947]: |         o.o     |
[   10.424847]          Starting /etc/rc.local Compatibility...
cloud-init[947]: |          *      |
[   10.427476]          Starting System Logging Service...
cloud-init[947]:          Starting Virtualbox guest utils...
|       . . o     |
[   10.435755] cloud-init[947]: |      ..o.+ .    |
[   10.444943] [cloud-init[0;32m  OK  [0m[947]: ] |      ooS=o=     |Started Regular background program processing daemon.

[   10.445916] [cloud-init[0;32m  OK  [0m[947]: ] |     . B=Bo .    |Started D-Bus System Message Bus.

[   10.447716] cloud-init[947]: |      X.*+..     |
[   10.450156] cloud-init[947]: |     +.Oo+E .    |
[   10.451751] cloud-init[947]: |     .B*OBo.     |
[   10.453012] cloud-init[947]: +----[SHA256]-----+
[   10.454063] cloud-init[947]: Generating public/private ecdsa key pair.
[   10.455052] cloud-init[947]: Your identification has been saved in /etc/ssh/ssh_host_ecdsa_key.
[   10.464287] cloud-init[947]: Your public key has been saved in /etc/ssh/ssh_host_ecdsa_key.pub.
[   10.476499] cloud-init[947]: The key fingerprint is:
[   10.477902] cloud-init[947]: SHA256:GvL4ZjREYg4J0KwJ4PU3ZDqBJNCef4s1oqmilVjmFdQ root@ubuntu-xenial
[   10.485532] [cloud-init[0;32m  OK  [0m[947]: ] The key's randomart image is:Started ACPI event daemon.

[   10.487023] cloud-init[947]: +---[ECDSA 256]---+
[   10.496477] cloud-init[947]: |O*.+oo o         |
[   10.496931] cloud-init[947]: |o Oo+ E          |
         Starting Accounts Service...
[   10.497215] cloud-init[947]: |.= =.* o         |
[   10.505817] cloud-init[947]: |o o ..+ .        |
[   10.516624]          cloud-initStarting Login Service...[947]: 
|  o.o.. S        |
[[0;32m  OK  [0m] Started Deferred execution scheduler.
[[0;32m  OK  [0m] Started FUSE filesystem for LXC.
         Starting Snappy daemon...
         Starting Pollinate to seed the pseudo random number generator...
         Starting LSB: Record successful boot for GRUB...
         Starting LSB: MD monitoring daemon...
         Starting LXD - container startup/shutdown...
[[0;32m  OK  [0m] Started System Logging Service.
[[0;32m  OK  [0m] Started /etc/rc.local Compatibility.
[[0;32m  OK  [0m] Started iSCSI initiator daemon (iscsid).
[   10.553332] cloud-init[947]: | = oo+*o         |
[   10.567623] cloud-init[947]: |. +o.*o+         |
[   10.594223] cloud-init[947]: |..o ..+          |
[   10.608347] cloud-init[947]: |=.   o.          |
[[0;32m  OK  [0m] Started Login Service.
[   10.616392] cloud-init[947]: +----[SHA256]-----+
[[0;32m  OK  [0m] Started Unattended Upgrades Shutdown.
         Starting Authenticate and Authorize Users to Run Privileged Tasks...
         Starting Login to default iSCSI targets...
[   10.626525] cloud-init[947]: Generating public/private ed25519 key pair.
[[0;32m  OK  [0m] Started LSB: Record successful boot for GRUB.
[   10.635108] cloud-init[947]: Your identification has been saved in /etc/ssh/ssh_host_ed25519_key.
[   10.639642] cloud-init[947]: Your public key has been saved in /etc/ssh/ssh_host_ed25519_key.pub.
[   10.641841] cloud-init[947]: The key fingerprint is:
[   10.653711] cloud-init[947]: SHA256:yfkAWpn9r6Ax/5encjjcmOxV5UfzU7DdsjPML8QEA0Q root@ubuntu-xenial
[   10.656982] cloud-init[947]: The key's randomart image is:
[   10.661619] cloud-init[947]: +--[ED25519 256]--+
[[0;32m  OK  [0m] Started LSB: MD monitoring daemon.
[   10.663811] [[0;32m  OK  [0m] Started Authenticate and Authorize Users to Run Privileged Tasks.
[[0;32m  OK  [0m] Started Login to default iSCSI targets.
[[0;32m  OK  [0m] Reached target Remote File Systems (Pre).
[[0;32m  OK  [0m] Reached target Remote File Systems.
         Starting Permit User Sessions...
         Starting LSB: automatic crash report generation...
         Starting LSB: Set the CPU Frequency Scaling governor to "ondemand"...
cloud-init[947]: |         oE.o .  |
         Starting LSB: daemon to balance interrupts for SMP systems...
[[0;32m  OK  [0m] Started Virtualbox guest utils.
[[0;32m  OK  [0m] Started Permit User Sessions.
[   10.706004] cloud-init[[0;32m  OK  [0m] Started Accounts Service.
[947]: |       +     o +.|
[   10.719505] cloud-init[947]: |      = .     +.*|
[   10.721578] cloud-init[947]: |     o o +   = *+|
[   10.722618] cloud-init[947]: |    .   S .   X.+|
[   10.746002] cloud-init[947]: |         o . o +o|
         Starting Hold until boot process finishes up...
         Starting Terminate Plymouth Boot Screen...
[   10.760429] cloud-init[947]: |      o .o.=o.. .|
[   10.771283] cloud-init[947]: |       = .Oo= .. |
[[0;32m  OK  [0m] Started LXD - container startup/shutdown.
[   10.774090] cloud-init[947]: |      . .o+=.o   |
[   10.776980] cloud-init[947]: +----[SHA256]-----+
[[0;32m  OK  [0m] Started LSB: automatic crash report generation.
[[0;32m  OK  [0m] Started LSB: Set the CPU Frequency Scaling governor to "ondemand".
[[0;32m  OK  [0m] Started LSB: daemon to balance interrupts for SMP systems.
[[0;32m  OK  [0m] Started Hold until boot process finishes up.
[[0;32m  OK  [0m] Started Terminate Plymouth Boot Screen.
         Starting Set console scheme...
[[0;32m  OK  [0m] Started Serial Getty on ttyS0.
[[0;32m  OK  [0m] Started Getty on tty1.
[[0;32m  OK  [0m] Reached target Login Prompts.
[[0;32m  OK  [0m] Started Set console scheme.
[[0;32m  OK  [0m] Started Snappy daemon.
         Starting Wait until snapd is fully seeded...
[[0;32m  OK  [0m] Started Pollinate to seed the pseudo random number generator.
         Starting OpenBSD Secure Shell server...
[[0;32m  OK  [0m] Started OpenBSD Secure Shell server.
[[0;32m  OK  [0m] Created slice User Slice of vagrant.
         Starting User Manager for UID 1000...
[[0;32m  OK  [0m] Started Session 1 of user vagrant.
[[0;32m  OK  [0m] Started User Manager for UID 1000.
[[0;32m  OK  [0m] Started Wait until snapd is fully seeded.
         Starting Apply the settings specified in cloud-config...
[[0;32m  OK  [0m] Reached target Multi-User System.
[[0;32m  OK  [0m] Reached target Graphical Interface.
         Starting Update UTMP about System Runlevel Changes...
[[0;32m  OK  [0m] Started Update UTMP about System Runlevel Changes.
[   15.052123] cloud-init[1460]: Generating locales (this might take a while)...
[   15.771139] cloud-init[1460]:   en_US.UTF-8... done
[   15.773263] cloud-init[1460]: Generation complete.
[   16.195231] cloud-init[1460]: Cloud-init v. 19.2-36-g059d049c-0ubuntu1~16.04.1 running 'modules:config' at Wed, 09 Oct 2019 05:07:27 +0000. Up 14.93 seconds.
ci-info: no authorized ssh keys fingerprints found for user ubuntu.
<14>Oct  9 05:07:29 ec2: 
<14>Oct  9 05:07:29 ec2: #############################################################
<14>Oct  9 05:07:29 ec2: -----BEGIN SSH HOST KEY FINGERPRINTS-----
<14>Oct  9 05:07:29 ec2: 1024 SHA256:q3cMrpWYlsO2acu9Dg3Tcyy7T67rB6UceB8PRJnDry8 root@ubuntu-xenial (DSA)
<14>Oct  9 05:07:29 ec2: 256 SHA256:GvL4ZjREYg4J0KwJ4PU3ZDqBJNCef4s1oqmilVjmFdQ root@ubuntu-xenial (ECDSA)
<14>Oct  9 05:07:29 ec2: 256 SHA256:yfkAWpn9r6Ax/5encjjcmOxV5UfzU7DdsjPML8QEA0Q root@ubuntu-xenial (ED25519)
<14>Oct  9 05:07:29 ec2: 2048 SHA256:Eez8av82nCu6EUjy87aX+SQCBvLrbOib1L7XIZfxTjw root@ubuntu-xenial (RSA)
<14>Oct  9 05:07:29 ec2: -----END SSH HOST KEY FINGERPRINTS-----
<14>Oct  9 05:07:29 ec2: #############################################################
-----BEGIN SSH HOST KEY KEYS-----
ecdsa-sha2-nistp256 AAAAE2VjZHNhLXNoYTItbmlzdHAyNTYAAAAIbmlzdHAyNTYAAABBBJ5nx+DHEe6N7CE8YGHCfIbkm8H4Ag4HdoI7xtalQJMfMKxLfE+FvDcsEKspprvhD1C9Nsa7ZXlUdB+T81yFzkU= root@ubuntu-xenial
ssh-ed25519 AAAAC3NzaC1lZDI1NTE5AAAAIDd4zHjqkx7hVoBQHXTVTI7VgXm/i2zR4BiiBvxsat9J root@ubuntu-xenial
ssh-rsa AAAAB3NzaC1yc2EAAAADAQABAAABAQCvXSBwMaBe1b3aZ3azbhItszDKEeI/5OQ+bAKepRcU2MGf1c0v+B4z1Y3AV5UUTjkJQIMY3zZFbEP80i9xmfSK5vRp9iD855UAPwmRwNH6UXfASHA0hR+RxvXBlo4BXuOmDYAjI9vbmGlDXLnYIfY+FjizQmcRiw4JE9qOhmcaepGJGDYU2jjY9yNH7GT13uPFovvwtdR64PCRQgHrKsY3KFBSLN2NZLZI3Ek71l44uYphZu3TPVhLirE6AB2ThLFp4BAnXyWIePnmclqRUU6GTkrK03TsKD+pPL5ADl/P5r40eU4KQS5tWlHoRbgkjMGJ7oCj5PYa0GilvsZ1KArr root@ubuntu-xenial
-----END SSH HOST KEY KEYS-----
[   16.761153] cloud-init[1552]: Cloud-init v. 19.2-36-g059d049c-0ubuntu1~16.04.1 running 'modules:final' at Wed, 09 Oct 2019 05:07:29 +0000. Up 16.64 seconds.
[   16.761282] cloud-init[1552]: ci-info: no authorized ssh keys fingerprints found for user ubuntu.
[   16.761611] cloud-init[1552]: Cloud-init v. 19.2-36-g059d049c-0ubuntu1~16.04.1 finished at Wed, 09 Oct 2019 05:07:29 +0000. Datasource DataSourceNoCloud [seed=/dev/sdb][dsmode=net].  Up 16.75 seconds

Ubuntu 16.04.6 LTS ubuntu-xenial ttyS0

ubuntu-xenial login: 